Start testing: Sep 09 13:26 CEST
----------------------------------------------------------
1/1 Testing: unit_tests
1/1 Test: unit_tests
Command: "/root/zerobus/build/unit_tests"
Directory: /root/zerobus/build
"unit_tests" start time: Sep 09 13:26 CEST
Output:
----------------------------------------------------------
[==========] Running 1 test from 1 test suite.
[----------] Global test environment set-up.
[----------] 1 test from AdditionTest
[ RUN      ] AdditionTest.HandlesPositive
[       OK ] AdditionTest.HandlesPositive (0 ms)
[----------] 1 test from AdditionTest (0 ms total)

[----------] Global test environment tear-down
[==========] 1 test from 1 test suite ran. (0 ms total)
[  PASSED  ] 1 test.
<end of output>
Test time =   0.02 sec
----------------------------------------------------------
Test Passed.
"unit_tests" end time: Sep 09 13:26 CEST
"unit_tests" time elapsed: 00:00:00
----------------------------------------------------------

End testing: Sep 09 13:26 CEST
